C51 COMPILER V9.60.7.0   HOMEWORK3_C                                                       06/06/2024 19:06:54 PAGE 1   


C51 COMPILER V9.60.7.0, COMPILATION OF MODULE HOMEWORK3_C
OBJECT MODULE PLACED IN .\Objects\homework3_c.obj
COMPILER INVOKED BY: D:\Keil_v5\C51\BIN\C51.EXE homework3_c.c OPTIMIZE(8,SPEED) BROWSE DEBUG OBJECTEXTEND PRINT(.\Listin
                    -gs\homework3_c.lst) TABS(2) OBJECT(.\Objects\homework3_c.obj)

line level    source

   1          #include <reg51.h>
   2          unsigned char time[4] = {0, 0, 0, 0};
   3          unsigned char flag[2] = {0, 0};
   4          unsigned char light_code[10] = {0x3f, 0x06, 0x5b, 0x4f, 0x66, 0x6d, 0x7d, 0x07, 0x7f, 0x6f};
   5          unsigned char button = 0;
   6          
   7          void Timer1() interrupt 3
   8          {
   9   1          TH1 = 0X3C;
  10   1          TL1 = 0XB0;
  11   1          time[0]++;
  12   1          if (time[0] == 20)
  13   1          {
  14   2              time[0] = 0;
  15   2              time[1]++;
  16   2              if (time[1] == 60)
  17   2              {
  18   3                  time[1] = 0;
  19   3                  time[2]++;
  20   3                  if (time[2] == 60)
  21   3                  {
  22   4                      time[2] = 0;
  23   4                      time[3]++;
  24   4                      if (time[3] == 12)
  25   4                      {
  26   5                          time[3] = 0;
  27   5                          flag[1] = !flag[1];
  28   5                      }
  29   4                  }
  30   3              }
  31   2          }
  32   1      }
  33          
  34          void Timer1Init()
  35          {
  36   1          EA = 1;
  37   1          ET1 = 1;
  38   1          TMOD = 0X10;
  39   1          TH1 = 0x3C;
  40   1          TL1 = 0xB0;
  41   1          TR1 = 1;
  42   1      }
  43          
  44          // delaytime is parameter time times 5e-4 s
  45          void delay(unsigned int time)
  46          {
  47   1          unsigned int i, j;
  48   1          for (i = time; i > 0; i--)
  49   1          {
  50   2              ;
  51   2              for (j = 124; j > 0; j--)
  52   2                  ;
  53   2          }
  54   1      }
C51 COMPILER V9.60.7.0   HOMEWORK3_C                                                       06/06/2024 19:06:54 PAGE 2   

  55          
  56          void DisPlay()
  57          {
  58   1          unsigned char temp1, temp2;
  59   1          if (time[1] >= 10)
  60   1          {
  61   2              P2 = 0X07;
  62   2              temp1 = time[1] / 10;
  63   2              temp2 = time[1] % 10;
  64   2              P0 = light_code[temp2];
  65   2              P0 = 0;
  66   2              P2 = 0X06;
  67   2              P0 = light_code[temp1];
  68   2              P0 = 0;
  69   2          }
  70   1          else
  71   1          {
  72   2              P2 = 0X07;
  73   2              P0 = light_code[time[1]];
  74   2              P0 = 0;
  75   2              P2 = 0X06;
  76   2              P0 = light_code[0];
  77   2              P0 = 0;
  78   2          }
  79   1      
  80   1          if (time[2] >= 10)
  81   1          {
  82   2              P2 = 0X05;
  83   2              temp1 = time[2] / 10;
  84   2              temp2 = time[2] % 10;
  85   2              P0 = light_code[temp2];
  86   2              P0 = 0;
  87   2              P2 = 0X04;
  88   2              P0 = light_code[temp1];
  89   2              P0 = 0;
  90   2          }
  91   1          else
  92   1          {
  93   2              P2 = 0X05;
  94   2              P0 = light_code[time[2]];
  95   2              P0 = 0;
  96   2              P2 = 0X04;
  97   2              P0 = light_code[0];
  98   2              P0 = 0;
  99   2          }
 100   1      
 101   1          if (time[3] >= 10)
 102   1          {
 103   2              P2 = 0X03;
 104   2              temp1 = time[3] / 10;
 105   2              temp2 = time[3] % 10;
 106   2              P0 = light_code[temp2];
 107   2              P0 = 0;
 108   2              P2 = 0X02;
 109   2              P0 = light_code[temp1];
 110   2              P0 = 0;
 111   2          }
 112   1          else
 113   1          {
 114   2              P2 = 0X03;
 115   2              P0 = light_code[time[3]];
 116   2              P0 = 0;
C51 COMPILER V9.60.7.0   HOMEWORK3_C                                                       06/06/2024 19:06:54 PAGE 3   

 117   2              P2 = 0X02;
 118   2              P0 = light_code[0];
 119   2              P0 = 0;
 120   2          }
 121   1      
 122   1          if(flag[0] == 1)
 123   1          {
 124   2              P2 = 0X01;
 125   2              P0 = 0X40;
 126   2              P0 = 0;
 127   2              if(flag[1] == 0)
 128   2              {
 129   3                  P2 = 0X00;
 130   3                  P0 = 0X77;
 131   3                  P0 = 0;
 132   3              }
 133   2              else
 134   2              {
 135   3                  P2 = 0X00;
 136   3                  P0 = 0X73;
 137   3                  P0 = 0;
 138   3              }
 139   2          }
 140   1      
 141   1      }
 142          
 143          void KeyDown()
 144          {
 145   1          P1 = 0XF0;
 146   1          if (P1 != 0XF0)
 147   1          {
 148   2              delay(10);
 149   2              if(P1 != 0XF0)
 150   2              {
 151   3                  P1 = 0XF0;
 152   3                  switch(P1)
 153   3                  {
 154   4                      case 0XE0:
 155   4                          button = 1;
 156   4                          break;
 157   4                      case 0XD0:
 158   4                          button = 2;
 159   4                          break;
 160   4                      case 0XB0:
 161   4                          button = 3;
 162   4                          break;
 163   4                      case 0X70:
 164   4                          button = 4;
 165   4                          break;
 166   4                  }
 167   3                  P1 = 0X0F;
 168   3                  switch(P1)
 169   3                  {
 170   4                      case 0X0E:
 171   4                          button = button;
 172   4                          break;
 173   4                      case 0X0D:
 174   4                          button = button + 4;
 175   4                          break;
 176   4                      case 0X0B:
 177   4                          button = button + 8;
 178   4                          break;
C51 COMPILER V9.60.7.0   HOMEWORK3_C                                                       06/06/2024 19:06:54 PAGE 4   

 179   4                      case 0X07:
 180   4                          button = button + 12;
 181   4                          break;
 182   4                  }
 183   3              }
 184   2              while(P1 != 0X0F)
 185   2              {
 186   3                  delay(20);
 187   3              }
 188   2          }
 189   1      }
 190          
 191          void KeyHandle()
 192          {
 193   1      
 194   1          switch (button)
 195   1          {
 196   2          case 0:
 197   2              break;
 198   2          case 1:
 199   2              flag[0] = 1;
 200   2              break;
 201   2          case 2:
 202   2              time[3]++;
 203   2              if (time[3] == 12)
 204   2              {
 205   3                  time[3] = 0;
 206   3                  flag[1] = !flag[1];
 207   3              }
 208   2              break;
 209   2          case 3:
 210   2              time[2]++;
 211   2              if (time[2] == 60)
 212   2              {
 213   3                  time[2] = 0;
 214   3              }
 215   2              break;
 216   2          case 4:
 217   2              time[1]++;
 218   2              if (time[1] == 60)
 219   2              {
 220   3                  time[1] = 0;
 221   3              }
 222   2              break;
 223   2          case 5:
 224   2             flag[0] = 0;
 225   2               break;
 226   2          case 6:
 227   2              time[3]--;
 228   2              if (time[3] == 0xFF)
 229   2              {
 230   3                  time[3] = 11;
 231   3                  flag[1] = !flag[1];
 232   3              }
 233   2              break;
 234   2          case 7:
 235   2              time[2]--;
 236   2              if (time[2] == 0xFF)
 237   2              {
 238   3                  time[2] = 59;
 239   3              }
 240   2              break;
C51 COMPILER V9.60.7.0   HOMEWORK3_C                                                       06/06/2024 19:06:54 PAGE 5   

 241   2          case 8:
 242   2              time[1]--;
 243   2              if (time[1] == 0XFF)
 244   2              {
 245   3                  time[1] = 59;
 246   3              }
 247   2              break;
 248   2            }
 249   1      }
 250          
 251          int main()
 252          {
 253   1          Timer1Init();
 254   1          while (1)
 255   1          {
 256   2              KeyDown();
 257   2              KeyHandle();
 258   2              DisPlay();
 259   2              button = 0;
 260   2          }
 261   1      }


MODULE INFORMATION:   STATIC OVERLAYABLE
   CODE SIZE        =    648    ----
   CONSTANT SIZE    =   ----    ----
   XDATA SIZE       =   ----    ----
   PDATA SIZE       =   ----    ----
   DATA SIZE        =     17    ----
   IDATA SIZE       =   ----    ----
   BIT SIZE         =   ----    ----
END OF MODULE INFORMATION.


C51 COMPILATION COMPLETE.  0 WARNING(S),  0 ERROR(S)
